
*** Running vivado
    with args -log design_1_RAM64_0_0.vds -m64 -product Vivado -mode batch -messageDb vivado.pb -notrace -source design_1_RAM64_0_0.tcl



****** Vivado v2025.1 (64-bit)
  **** SW Build 6140274 on Thu May 22 00:12:29 MDT 2025
  **** IP Build 6138677 on Thu May 22 03:10:11 MDT 2025
  **** SharedData Build 6139179 on Tue May 20 17:58:58 MDT 2025
  **** Start of session at: Mon Feb 16 15:27:47 2026
    ** Copyright 1986-2022 Xilinx, Inc. All Rights Reserved.
    ** Copyright 2022-2025 Advanced Micro Devices, Inc. All Rights Reserved.

source design_1_RAM64_0_0.tcl -notrace
create_project: Time (s): cpu = 00:00:08 ; elapsed = 00:00:05 . Memory (MB): peak = 493.016 ; gain = 211.805
INFO: [IP_Flow 19-234] Refreshing IP repositories
INFO: [IP_Flow 19-1704] No user IP repositories specified
INFO: [IP_Flow 19-2313] Loaded Vivado IP repository 'C:/Xilinx/2025.1/Vivado/data/ip'.
Command: synth_design -top design_1_RAM64_0_0 -part xc7s25csga324-1 -incremental_mode off -mode out_of_context
Starting synth_design
Attempting to get a license for feature 'Synthesis' and/or device 'xc7s25'
INFO: [Common 17-349] Got license for feature 'Synthesis' and/or device 'xc7s25'
INFO: [Device 21-403] Loading part xc7s25csga324-1
INFO: [Synth 8-7079] Multithreading enabled for synth_design using a maximum of 2 processes.
INFO: [Synth 8-7078] Launching helper process for spawning children vivado processes
INFO: [Synth 8-7075] Helper process launched with PID 18940
---------------------------------------------------------------------------------
Starting RTL Elaboration : Time (s): cpu = 00:00:07 ; elapsed = 00:00:08 . Memory (MB): peak = 1158.809 ; gain = 490.363
---------------------------------------------------------------------------------
INFO: [Synth 8-6157] synthesizing module 'design_1_RAM64_0_0' [c:/Users/dlnmt/man_bram/man_bram.gen/sources_1/bd/design_1/ip/design_1_RAM64_0_0/synth/design_1_RAM64_0_0.v:53]
INFO: [Synth 8-6157] synthesizing module 'RAM64' [C:/Users/dlnmt/man_bram/man_bram.srcs/sources_1/new/RAM64.v:23]
	Parameter WIDTH bound to: 64 - type: integer 
	Parameter DEPTH bound to: 256 - type: integer 
INFO: [Synth 8-6155] done synthesizing module 'RAM64' (0#1) [C:/Users/dlnmt/man_bram/man_bram.srcs/sources_1/new/RAM64.v:23]
INFO: [Synth 8-6155] done synthesizing module 'design_1_RAM64_0_0' (0#1) [c:/Users/dlnmt/man_bram/man_bram.gen/sources_1/bd/design_1/ip/design_1_RAM64_0_0/synth/design_1_RAM64_0_0.v:53]
WARNING: [Synth 8-6014] Unused sequential element r_Mem_reg[255] was removed.  [C:/Users/dlnmt/man_bram/man_bram.srcs/sources_1/new/RAM64.v:42]
WARNING: [Synth 8-6014] Unused sequential element r_Mem_reg[254] was removed.  [C:/Users/dlnmt/man_bram/man_bram.srcs/sources_1/new/RAM64.v:42]
WARNING: [Synth 8-6014] Unused sequential element r_Mem_reg[253] was removed.  [C:/Users/dlnmt/man_bram/man_bram.srcs/sources_1/new/RAM64.v:42]
WARNING: [Synth 8-6014] Unused sequential element r_Mem_reg[252] was removed.  [C:/Users/dlnmt/man_bram/man_bram.srcs/sources_1/new/RAM64.v:42]
WARNING: [Synth 8-6014] Unused sequential element r_Mem_reg[251] was removed.  [C:/Users/dlnmt/man_bram/man_bram.srcs/sources_1/new/RAM64.v:42]
WARNING: [Synth 8-6014] Unused sequential element r_Mem_reg[250] was removed.  [C:/Users/dlnmt/man_bram/man_bram.srcs/sources_1/new/RAM64.v:42]
WARNING: [Synth 8-6014] Unused sequential element r_Mem_reg[249] was removed.  [C:/Users/dlnmt/man_bram/man_bram.srcs/sources_1/new/RAM64.v:42]
WARNING: [Synth 8-6014] Unused sequential element r_Mem_reg[248] was removed.  [C:/Users/dlnmt/man_bram/man_bram.srcs/sources_1/new/RAM64.v:42]
WARNING: [Synth 8-6014] Unused sequential element r_Mem_reg[247] was removed.  [C:/Users/dlnmt/man_bram/man_bram.srcs/sources_1/new/RAM64.v:42]
WARNING: [Synth 8-6014] Unused sequential element r_Mem_reg[246] was removed.  [C:/Users/dlnmt/man_bram/man_bram.srcs/sources_1/new/RAM64.v:42]
WARNING: [Synth 8-6014] Unused sequential element r_Mem_reg[245] was removed.  [C:/Users/dlnmt/man_bram/man_bram.srcs/sources_1/new/RAM64.v:42]
WARNING: [Synth 8-6014] Unused sequential element r_Mem_reg[244] was removed.  [C:/Users/dlnmt/man_bram/man_bram.srcs/sources_1/new/RAM64.v:42]
WARNING: [Synth 8-6014] Unused sequential element r_Mem_reg[243] was removed.  [C:/Users/dlnmt/man_bram/man_bram.srcs/sources_1/new/RAM64.v:42]
WARNING: [Synth 8-6014] Unused sequential element r_Mem_reg[242] was removed.  [C:/Users/dlnmt/man_bram/man_bram.srcs/sources_1/new/RAM64.v:42]
WARNING: [Synth 8-6014] Unused sequential element r_Mem_reg[241] was removed.  [C:/Users/dlnmt/man_bram/man_bram.srcs/sources_1/new/RAM64.v:42]
WARNING: [Synth 8-6014] Unused sequential element r_Mem_reg[240] was removed.  [C:/Users/dlnmt/man_bram/man_bram.srcs/sources_1/new/RAM64.v:42]
WARNING: [Synth 8-6014] Unused sequential element r_Mem_reg[239] was removed.  [C:/Users/dlnmt/man_bram/man_bram.srcs/sources_1/new/RAM64.v:42]
WARNING: [Synth 8-6014] Unused sequential element r_Mem_reg[238] was removed.  [C:/Users/dlnmt/man_bram/man_bram.srcs/sources_1/new/RAM64.v:42]
WARNING: [Synth 8-6014] Unused sequential element r_Mem_reg[237] was removed.  [C:/Users/dlnmt/man_bram/man_bram.srcs/sources_1/new/RAM64.v:42]
WARNING: [Synth 8-6014] Unused sequential element r_Mem_reg[236] was removed.  [C:/Users/dlnmt/man_bram/man_bram.srcs/sources_1/new/RAM64.v:42]
WARNING: [Synth 8-6014] Unused sequential element r_Mem_reg[235] was removed.  [C:/Users/dlnmt/man_bram/man_bram.srcs/sources_1/new/RAM64.v:42]
WARNING: [Synth 8-6014] Unused sequential element r_Mem_reg[234] was removed.  [C:/Users/dlnmt/man_bram/man_bram.srcs/sources_1/new/RAM64.v:42]
WARNING: [Synth 8-6014] Unused sequential element r_Mem_reg[233] was removed.  [C:/Users/dlnmt/man_bram/man_bram.srcs/sources_1/new/RAM64.v:42]
WARNING: [Synth 8-6014] Unused sequential element r_Mem_reg[232] was removed.  [C:/Users/dlnmt/man_bram/man_bram.srcs/sources_1/new/RAM64.v:42]
WARNING: [Synth 8-6014] Unused sequential element r_Mem_reg[231] was removed.  [C:/Users/dlnmt/man_bram/man_bram.srcs/sources_1/new/RAM64.v:42]
WARNING: [Synth 8-6014] Unused sequential element r_Mem_reg[230] was removed.  [C:/Users/dlnmt/man_bram/man_bram.srcs/sources_1/new/RAM64.v:42]
WARNING: [Synth 8-6014] Unused sequential element r_Mem_reg[229] was removed.  [C:/Users/dlnmt/man_bram/man_bram.srcs/sources_1/new/RAM64.v:42]
WARNING: [Synth 8-6014] Unused sequential element r_Mem_reg[228] was removed.  [C:/Users/dlnmt/man_bram/man_bram.srcs/sources_1/new/RAM64.v:42]
WARNING: [Synth 8-6014] Unused sequential element r_Mem_reg[227] was removed.  [C:/Users/dlnmt/man_bram/man_bram.srcs/sources_1/new/RAM64.v:42]
WARNING: [Synth 8-6014] Unused sequential element r_Mem_reg[226] was removed.  [C:/Users/dlnmt/man_bram/man_bram.srcs/sources_1/new/RAM64.v:42]
WARNING: [Synth 8-6014] Unused sequential element r_Mem_reg[225] was removed.  [C:/Users/dlnmt/man_bram/man_bram.srcs/sources_1/new/RAM64.v:42]
WARNING: [Synth 8-6014] Unused sequential element r_Mem_reg[224] was removed.  [C:/Users/dlnmt/man_bram/man_bram.srcs/sources_1/new/RAM64.v:42]
WARNING: [Synth 8-6014] Unused sequential element r_Mem_reg[223] was removed.  [C:/Users/dlnmt/man_bram/man_bram.srcs/sources_1/new/RAM64.v:42]
WARNING: [Synth 8-6014] Unused sequential element r_Mem_reg[222] was removed.  [C:/Users/dlnmt/man_bram/man_bram.srcs/sources_1/new/RAM64.v:42]
WARNING: [Synth 8-6014] Unused sequential element r_Mem_reg[221] was removed.  [C:/Users/dlnmt/man_bram/man_bram.srcs/sources_1/new/RAM64.v:42]
WARNING: [Synth 8-6014] Unused sequential element r_Mem_reg[220] was removed.  [C:/Users/dlnmt/man_bram/man_bram.srcs/sources_1/new/RAM64.v:42]
WARNING: [Synth 8-6014] Unused sequential element r_Mem_reg[219] was removed.  [C:/Users/dlnmt/man_bram/man_bram.srcs/sources_1/new/RAM64.v:42]
WARNING: [Synth 8-6014] Unused sequential element r_Mem_reg[218] was removed.  [C:/Users/dlnmt/man_bram/man_bram.srcs/sources_1/new/RAM64.v:42]
WARNING: [Synth 8-6014] Unused sequential element r_Mem_reg[217] was removed.  [C:/Users/dlnmt/man_bram/man_bram.srcs/sources_1/new/RAM64.v:42]
WARNING: [Synth 8-6014] Unused sequential element r_Mem_reg[216] was removed.  [C:/Users/dlnmt/man_bram/man_bram.srcs/sources_1/new/RAM64.v:42]
WARNING: [Synth 8-6014] Unused sequential element r_Mem_reg[215] was removed.  [C:/Users/dlnmt/man_bram/man_bram.srcs/sources_1/new/RAM64.v:42]
WARNING: [Synth 8-6014] Unused sequential element r_Mem_reg[214] was removed.  [C:/Users/dlnmt/man_bram/man_bram.srcs/sources_1/new/RAM64.v:42]
WARNING: [Synth 8-6014] Unused sequential element r_Mem_reg[213] was removed.  [C:/Users/dlnmt/man_bram/man_bram.srcs/sources_1/new/RAM64.v:42]
WARNING: [Synth 8-6014] Unused sequential element r_Mem_reg[212] was removed.  [C:/Users/dlnmt/man_bram/man_bram.srcs/sources_1/new/RAM64.v:42]
WARNING: [Synth 8-6014] Unused sequential element r_Mem_reg[211] was removed.  [C:/Users/dlnmt/man_bram/man_bram.srcs/sources_1/new/RAM64.v:42]
WARNING: [Synth 8-6014] Unused sequential element r_Mem_reg[210] was removed.  [C:/Users/dlnmt/man_bram/man_bram.srcs/sources_1/new/RAM64.v:42]
WARNING: [Synth 8-6014] Unused sequential element r_Mem_reg[209] was removed.  [C:/Users/dlnmt/man_bram/man_bram.srcs/sources_1/new/RAM64.v:42]
WARNING: [Synth 8-6014] Unused sequential element r_Mem_reg[208] was removed.  [C:/Users/dlnmt/man_bram/man_bram.srcs/sources_1/new/RAM64.v:42]
WARNING: [Synth 8-6014] Unused sequential element r_Mem_reg[207] was removed.  [C:/Users/dlnmt/man_bram/man_bram.srcs/sources_1/new/RAM64.v:42]
WARNING: [Synth 8-6014] Unused sequential element r_Mem_reg[206] was removed.  [C:/Users/dlnmt/man_bram/man_bram.srcs/sources_1/new/RAM64.v:42]
WARNING: [Synth 8-6014] Unused sequential element r_Mem_reg[205] was removed.  [C:/Users/dlnmt/man_bram/man_bram.srcs/sources_1/new/RAM64.v:42]
WARNING: [Synth 8-6014] Unused sequential element r_Mem_reg[204] was removed.  [C:/Users/dlnmt/man_bram/man_bram.srcs/sources_1/new/RAM64.v:42]
WARNING: [Synth 8-6014] Unused sequential element r_Mem_reg[203] was removed.  [C:/Users/dlnmt/man_bram/man_bram.srcs/sources_1/new/RAM64.v:42]
WARNING: [Synth 8-6014] Unused sequential element r_Mem_reg[202] was removed.  [C:/Users/dlnmt/man_bram/man_bram.srcs/sources_1/new/RAM64.v:42]
WARNING: [Synth 8-6014] Unused sequential element r_Mem_reg[201] was removed.  [C:/Users/dlnmt/man_bram/man_bram.srcs/sources_1/new/RAM64.v:42]
WARNING: [Synth 8-6014] Unused sequential element r_Mem_reg[200] was removed.  [C:/Users/dlnmt/man_bram/man_bram.srcs/sources_1/new/RAM64.v:42]
WARNING: [Synth 8-6014] Unused sequential element r_Mem_reg[199] was removed.  [C:/Users/dlnmt/man_bram/man_bram.srcs/sources_1/new/RAM64.v:42]
WARNING: [Synth 8-6014] Unused sequential element r_Mem_reg[198] was removed.  [C:/Users/dlnmt/man_bram/man_bram.srcs/sources_1/new/RAM64.v:42]
WARNING: [Synth 8-6014] Unused sequential element r_Mem_reg[197] was removed.  [C:/Users/dlnmt/man_bram/man_bram.srcs/sources_1/new/RAM64.v:42]
WARNING: [Synth 8-6014] Unused sequential element r_Mem_reg[196] was removed.  [C:/Users/dlnmt/man_bram/man_bram.srcs/sources_1/new/RAM64.v:42]
WARNING: [Synth 8-6014] Unused sequential element r_Mem_reg[195] was removed.  [C:/Users/dlnmt/man_bram/man_bram.srcs/sources_1/new/RAM64.v:42]
WARNING: [Synth 8-6014] Unused sequential element r_Mem_reg[194] was removed.  [C:/Users/dlnmt/man_bram/man_bram.srcs/sources_1/new/RAM64.v:42]
WARNING: [Synth 8-6014] Unused sequential element r_Mem_reg[193] was removed.  [C:/Users/dlnmt/man_bram/man_bram.srcs/sources_1/new/RAM64.v:42]
WARNING: [Synth 8-6014] Unused sequential element r_Mem_reg[192] was removed.  [C:/Users/dlnmt/man_bram/man_bram.srcs/sources_1/new/RAM64.v:42]
WARNING: [Synth 8-6014] Unused sequential element r_Mem_reg[191] was removed.  [C:/Users/dlnmt/man_bram/man_bram.srcs/sources_1/new/RAM64.v:42]
WARNING: [Synth 8-6014] Unused sequential element r_Mem_reg[190] was removed.  [C:/Users/dlnmt/man_bram/man_bram.srcs/sources_1/new/RAM64.v:42]
WARNING: [Synth 8-6014] Unused sequential element r_Mem_reg[189] was removed.  [C:/Users/dlnmt/man_bram/man_bram.srcs/sources_1/new/RAM64.v:42]
WARNING: [Synth 8-6014] Unused sequential element r_Mem_reg[188] was removed.  [C:/Users/dlnmt/man_bram/man_bram.srcs/sources_1/new/RAM64.v:42]
WARNING: [Synth 8-6014] Unused sequential element r_Mem_reg[187] was removed.  [C:/Users/dlnmt/man_bram/man_bram.srcs/sources_1/new/RAM64.v:42]
WARNING: [Synth 8-6014] Unused sequential element r_Mem_reg[186] was removed.  [C:/Users/dlnmt/man_bram/man_bram.srcs/sources_1/new/RAM64.v:42]
WARNING: [Synth 8-6014] Unused sequential element r_Mem_reg[185] was removed.  [C:/Users/dlnmt/man_bram/man_bram.srcs/sources_1/new/RAM64.v:42]
WARNING: [Synth 8-6014] Unused sequential element r_Mem_reg[184] was removed.  [C:/Users/dlnmt/man_bram/man_bram.srcs/sources_1/new/RAM64.v:42]
WARNING: [Synth 8-6014] Unused sequential element r_Mem_reg[183] was removed.  [C:/Users/dlnmt/man_bram/man_bram.srcs/sources_1/new/RAM64.v:42]
WARNING: [Synth 8-6014] Unused sequential element r_Mem_reg[182] was removed.  [C:/Users/dlnmt/man_bram/man_bram.srcs/sources_1/new/RAM64.v:42]
WARNING: [Synth 8-6014] Unused sequential element r_Mem_reg[181] was removed.  [C:/Users/dlnmt/man_bram/man_bram.srcs/sources_1/new/RAM64.v:42]
WARNING: [Synth 8-6014] Unused sequential element r_Mem_reg[180] was removed.  [C:/Users/dlnmt/man_bram/man_bram.srcs/sources_1/new/RAM64.v:42]
WARNING: [Synth 8-6014] Unused sequential element r_Mem_reg[179] was removed.  [C:/Users/dlnmt/man_bram/man_bram.srcs/sources_1/new/RAM64.v:42]
WARNING: [Synth 8-6014] Unused sequential element r_Mem_reg[178] was removed.  [C:/Users/dlnmt/man_bram/man_bram.srcs/sources_1/new/RAM64.v:42]
WARNING: [Synth 8-6014] Unused sequential element r_Mem_reg[177] was removed.  [C:/Users/dlnmt/man_bram/man_bram.srcs/sources_1/new/RAM64.v:42]
WARNING: [Synth 8-6014] Unused sequential element r_Mem_reg[176] was removed.  [C:/Users/dlnmt/man_bram/man_bram.srcs/sources_1/new/RAM64.v:42]
WARNING: [Synth 8-6014] Unused sequential element r_Mem_reg[175] was removed.  [C:/Users/dlnmt/man_bram/man_bram.srcs/sources_1/new/RAM64.v:42]
WARNING: [Synth 8-6014] Unused sequential element r_Mem_reg[174] was removed.  [C:/Users/dlnmt/man_bram/man_bram.srcs/sources_1/new/RAM64.v:42]
WARNING: [Synth 8-6014] Unused sequential element r_Mem_reg[173] was removed.  [C:/Users/dlnmt/man_bram/man_bram.srcs/sources_1/new/RAM64.v:42]
WARNING: [Synth 8-6014] Unused sequential element r_Mem_reg[172] was removed.  [C:/Users/dlnmt/man_bram/man_bram.srcs/sources_1/new/RAM64.v:42]
WARNING: [Synth 8-6014] Unused sequential element r_Mem_reg[171] was removed.  [C:/Users/dlnmt/man_bram/man_bram.srcs/sources_1/new/RAM64.v:42]
WARNING: [Synth 8-6014] Unused sequential element r_Mem_reg[170] was removed.  [C:/Users/dlnmt/man_bram/man_bram.srcs/sources_1/new/RAM64.v:42]
WARNING: [Synth 8-6014] Unused sequential element r_Mem_reg[169] was removed.  [C:/Users/dlnmt/man_bram/man_bram.srcs/sources_1/new/RAM64.v:42]
WARNING: [Synth 8-6014] Unused sequential element r_Mem_reg[168] was removed.  [C:/Users/dlnmt/man_bram/man_bram.srcs/sources_1/new/RAM64.v:42]
WARNING: [Synth 8-6014] Unused sequential element r_Mem_reg[167] was removed.  [C:/Users/dlnmt/man_bram/man_bram.srcs/sources_1/new/RAM64.v:42]
WARNING: [Synth 8-6014] Unused sequential element r_Mem_reg[166] was removed.  [C:/Users/dlnmt/man_bram/man_bram.srcs/sources_1/new/RAM64.v:42]
WARNING: [Synth 8-6014] Unused sequential element r_Mem_reg[165] was removed.  [C:/Users/dlnmt/man_bram/man_bram.srcs/sources_1/new/RAM64.v:42]
WARNING: [Synth 8-6014] Unused sequential element r_Mem_reg[164] was removed.  [C:/Users/dlnmt/man_bram/man_bram.srcs/sources_1/new/RAM64.v:42]
WARNING: [Synth 8-6014] Unused sequential element r_Mem_reg[163] was removed.  [C:/Users/dlnmt/man_bram/man_bram.srcs/sources_1/new/RAM64.v:42]
WARNING: [Synth 8-6014] Unused sequential element r_Mem_reg[162] was removed.  [C:/Users/dlnmt/man_bram/man_bram.srcs/sources_1/new/RAM64.v:42]
WARNING: [Synth 8-6014] Unused sequential element r_Mem_reg[161] was removed.  [C:/Users/dlnmt/man_bram/man_bram.srcs/sources_1/new/RAM64.v:42]
WARNING: [Synth 8-6014] Unused sequential element r_Mem_reg[160] was removed.  [C:/Users/dlnmt/man_bram/man_bram.srcs/sources_1/new/RAM64.v:42]
WARNING: [Synth 8-6014] Unused sequential element r_Mem_reg[159] was removed.  [C:/Users/dlnmt/man_bram/man_bram.srcs/sources_1/new/RAM64.v:42]
WARNING: [Synth 8-6014] Unused sequential element r_Mem_reg[158] was removed.  [C:/Users/dlnmt/man_bram/man_bram.srcs/sources_1/new/RAM64.v:42]
WARNING: [Synth 8-6014] Unused sequential element r_Mem_reg[157] was removed.  [C:/Users/dlnmt/man_bram/man_bram.srcs/sources_1/new/RAM64.v:42]
WARNING: [Synth 8-6014] Unused sequential element r_Mem_reg[156] was removed.  [C:/Users/dlnmt/man_bram/man_bram.srcs/sources_1/new/RAM64.v:42]
INFO: [Common 17-14] Message 'Synth 8-6014' appears 100 times and further instances of the messages will be disabled. Use the Tcl command set_msg_config to change the current settings.
WARNING: [Synth 8-7129] Port i_Rd_Addr[7] in module RAM64 is either unconnected or has no load
WARNING: [Synth 8-7129] Port i_Rd_Addr[6] in module RAM64 is either unconnected or has no load
WARNING: [Synth 8-7129] Port i_Rd_Addr[5] in module RAM64 is either unconnected or has no load
WARNING: [Synth 8-7129] Port i_Rd_Addr[4] in module RAM64 is either unconnected or has no load
WARNING: [Synth 8-7129] Port i_Rd_Addr[3] in module RAM64 is either unconnected or has no load
WARNING: [Synth 8-7129] Port i_Rd_Addr[2] in module RAM64 is either unconnected or has no load
WARNING: [Synth 8-7129] Port i_Rd_Addr[1] in module RAM64 is either unconnected or has no load
WARNING: [Synth 8-7129] Port i_Rd_Addr[0] in module RAM64 is either unconnected or has no load
---------------------------------------------------------------------------------
Finished RTL Elaboration : Time (s): cpu = 00:00:09 ; elapsed = 00:00:10 . Memory (MB): peak = 1269.184 ; gain = 600.738
---------------------------------------------------------------------------------
---------------------------------------------------------------------------------
Start Handling Custom Attributes
---------------------------------------------------------------------------------
---------------------------------------------------------------------------------
Finished Handling Custom Attributes : Time (s): cpu = 00:00:09 ; elapsed = 00:00:10 . Memory (MB): peak = 1269.184 ; gain = 600.738
---------------------------------------------------------------------------------
---------------------------------------------------------------------------------
Finished RTL Optimization Phase 1 : Time (s): cpu = 00:00:09 ; elapsed = 00:00:10 . Memory (MB): peak = 1269.184 ; gain = 600.738
---------------------------------------------------------------------------------
Netlist sorting complete. Time (s): cpu = 00:00:00 ; elapsed = 00:00:00.002 . Memory (MB): peak = 1269.184 ; gain = 0.000
INFO: [Project 1-570] Preparing netlist for logic optimization

Processing XDC Constraints
Initializing timing engine
Completed Processing XDC Constraints

Netlist sorting complete. Time (s): cpu = 00:00:00 ; elapsed = 00:00:00 . Memory (MB): peak = 1311.852 ; gain = 0.000
INFO: [Project 1-111] Unisim Transformation Summary:
No Unisim elements were transformed.

Constraint Validation Runtime : Time (s): cpu = 00:00:00 ; elapsed = 00:00:00.020 . Memory (MB): peak = 1311.852 ; gain = 0.000
INFO: [Designutils 20-5008] Incremental synthesis strategy off
---------------------------------------------------------------------------------
Finished Constraint Validation : Time (s): cpu = 00:00:18 ; elapsed = 00:00:19 . Memory (MB): peak = 1311.852 ; gain = 643.406
---------------------------------------------------------------------------------
---------------------------------------------------------------------------------
Start Loading Part and Timing Information
---------------------------------------------------------------------------------
Loading part: xc7s25csga324-1
---------------------------------------------------------------------------------
Finished Loading Part and Timing Information : Time (s): cpu = 00:00:18 ; elapsed = 00:00:19 . Memory (MB): peak = 1311.852 ; gain = 643.406
---------------------------------------------------------------------------------
---------------------------------------------------------------------------------
Start Applying 'set_property' XDC Constraints
---------------------------------------------------------------------------------
---------------------------------------------------------------------------------
Finished applying 'set_property' XDC Constraints : Time (s): cpu = 00:00:18 ; elapsed = 00:00:19 . Memory (MB): peak = 1311.852 ; gain = 643.406
---------------------------------------------------------------------------------
---------------------------------------------------------------------------------
Finished RTL Optimization Phase 2 : Time (s): cpu = 00:00:18 ; elapsed = 00:00:20 . Memory (MB): peak = 1311.852 ; gain = 643.406
---------------------------------------------------------------------------------
---------------------------------------------------------------------------------
Start RTL Component Statistics 
---------------------------------------------------------------------------------
Detailed RTL Component Info : 
+---Registers : 
	               64 Bit    Registers := 2     
	                1 Bit    Registers := 1     
---------------------------------------------------------------------------------
Finished RTL Component Statistics 
---------------------------------------------------------------------------------
---------------------------------------------------------------------------------
Start Part Resource Summary
---------------------------------------------------------------------------------
Part Resources:
DSPs: 80 (col length:40)
BRAMs: 90 (col length: RAMB18 40 RAMB36 20)
---------------------------------------------------------------------------------
Finished Part Resource Summary
---------------------------------------------------------------------------------
---------------------------------------------------------------------------------
Start Cross Boundary and Area Optimization
---------------------------------------------------------------------------------
WARNING: [Synth 8-7080] Parallel synthesis criteria is not met
WARNING: [Synth 8-7129] Port i_Rd_Addr[7] in module design_1_RAM64_0_0 is either unconnected or has no load
WARNING: [Synth 8-7129] Port i_Rd_Addr[6] in module design_1_RAM64_0_0 is either unconnected or has no load
WARNING: [Synth 8-7129] Port i_Rd_Addr[5] in module design_1_RAM64_0_0 is either unconnected or has no load
WARNING: [Synth 8-7129] Port i_Rd_Addr[4] in module design_1_RAM64_0_0 is either unconnected or has no load
WARNING: [Synth 8-7129] Port i_Rd_Addr[3] in module design_1_RAM64_0_0 is either unconnected or has no load
WARNING: [Synth 8-7129] Port i_Rd_Addr[2] in module design_1_RAM64_0_0 is either unconnected or has no load
WARNING: [Synth 8-7129] Port i_Rd_Addr[1] in module design_1_RAM64_0_0 is either unconnected or has no load
WARNING: [Synth 8-7129] Port i_Rd_Addr[0] in module design_1_RAM64_0_0 is either unconnected or has no load
---------------------------------------------------------------------------------
Finished Cross Boundary and Area Optimization : Time (s): cpu = 00:00:21 ; elapsed = 00:00:22 . Memory (MB): peak = 1317.336 ; gain = 648.891
---------------------------------------------------------------------------------
---------------------------------------------------------------------------------
Start Applying XDC Timing Constraints
---------------------------------------------------------------------------------
---------------------------------------------------------------------------------
Finished Applying XDC Timing Constraints : Time (s): cpu = 00:00:28 ; elapsed = 00:00:30 . Memory (MB): peak = 1467.383 ; gain = 798.938
---------------------------------------------------------------------------------
---------------------------------------------------------------------------------
Start Timing Optimization
---------------------------------------------------------------------------------
---------------------------------------------------------------------------------
Finished Timing Optimization : Time (s): cpu = 00:00:28 ; elapsed = 00:00:30 . Memory (MB): peak = 1467.383 ; gain = 798.938
---------------------------------------------------------------------------------
---------------------------------------------------------------------------------
Start Technology Mapping
---------------------------------------------------------------------------------
---------------------------------------------------------------------------------
Finished Technology Mapping : Time (s): cpu = 00:00:28 ; elapsed = 00:00:30 . Memory (MB): peak = 1476.973 ; gain = 808.527
---------------------------------------------------------------------------------
---------------------------------------------------------------------------------
Start IO Insertion
---------------------------------------------------------------------------------
---------------------------------------------------------------------------------
Start Flattening Before IO Insertion
---------------------------------------------------------------------------------
---------------------------------------------------------------------------------
Finished Flattening Before IO Insertion
---------------------------------------------------------------------------------
---------------------------------------------------------------------------------
Start Final Netlist Cleanup
---------------------------------------------------------------------------------
---------------------------------------------------------------------------------
Finished Final Netlist Cleanup
---------------------------------------------------------------------------------
---------------------------------------------------------------------------------
Finished IO Insertion : Time (s): cpu = 00:00:33 ; elapsed = 00:00:35 . Memory (MB): peak = 1712.312 ; gain = 1043.867
---------------------------------------------------------------------------------
---------------------------------------------------------------------------------
Start Renaming Generated Instances
---------------------------------------------------------------------------------
---------------------------------------------------------------------------------
Finished Renaming Generated Instances : Time (s): cpu = 00:00:33 ; elapsed = 00:00:35 . Memory (MB): peak = 1712.312 ; gain = 1043.867
---------------------------------------------------------------------------------
---------------------------------------------------------------------------------
Start Rebuilding User Hierarchy
---------------------------------------------------------------------------------
---------------------------------------------------------------------------------
Finished Rebuilding User Hierarchy : Time (s): cpu = 00:00:33 ; elapsed = 00:00:35 . Memory (MB): peak = 1712.312 ; gain = 1043.867
---------------------------------------------------------------------------------
---------------------------------------------------------------------------------
Start Renaming Generated Ports
---------------------------------------------------------------------------------
---------------------------------------------------------------------------------
Finished Renaming Generated Ports : Time (s): cpu = 00:00:33 ; elapsed = 00:00:35 . Memory (MB): peak = 1712.312 ; gain = 1043.867
---------------------------------------------------------------------------------
---------------------------------------------------------------------------------
Start Handling Custom Attributes
---------------------------------------------------------------------------------
---------------------------------------------------------------------------------
Finished Handling Custom Attributes : Time (s): cpu = 00:00:33 ; elapsed = 00:00:35 . Memory (MB): peak = 1712.312 ; gain = 1043.867
---------------------------------------------------------------------------------
---------------------------------------------------------------------------------
Start Renaming Generated Nets
---------------------------------------------------------------------------------
---------------------------------------------------------------------------------
Finished Renaming Generated Nets : Time (s): cpu = 00:00:33 ; elapsed = 00:00:35 . Memory (MB): peak = 1712.312 ; gain = 1043.867
---------------------------------------------------------------------------------
---------------------------------------------------------------------------------
Start Writing Synthesis Report
---------------------------------------------------------------------------------

Report BlackBoxes: 
+-+--------------+----------+
| |BlackBox name |Instances |
+-+--------------+----------+
+-+--------------+----------+

Report Cell Usage: 
+------+-----+------+
|      |Cell |Count |
+------+-----+------+
|1     |LUT4 |     1|
|2     |LUT6 |     1|
|3     |FDRE |   129|
+------+-----+------+
---------------------------------------------------------------------------------
Finished Writing Synthesis Report : Time (s): cpu = 00:00:33 ; elapsed = 00:00:35 . Memory (MB): peak = 1712.312 ; gain = 1043.867
---------------------------------------------------------------------------------
Synthesis finished with 0 errors, 0 critical warnings and 9 warnings.
Synthesis Optimization Runtime : Time (s): cpu = 00:00:22 ; elapsed = 00:00:33 . Memory (MB): peak = 1712.312 ; gain = 1001.199
Synthesis Optimization Complete : Time (s): cpu = 00:00:33 ; elapsed = 00:00:35 . Memory (MB): peak = 1712.312 ; gain = 1043.867
INFO: [Project 1-571] Translating synthesized netlist
Netlist sorting complete. Time (s): cpu = 00:00:00 ; elapsed = 00:00:00.003 . Memory (MB): peak = 1715.387 ; gain = 0.000
INFO: [Project 1-570] Preparing netlist for logic optimization
INFO: [Opt 31-138] Pushed 0 inverter(s) to 0 load pin(s).
Netlist sorting complete. Time (s): cpu = 00:00:00 ; elapsed = 00:00:00 . Memory (MB): peak = 1716.805 ; gain = 0.000
INFO: [Project 1-111] Unisim Transformation Summary:
No Unisim elements were transformed.

Synth Design complete | Checksum: ac9e700
INFO: [Common 17-83] Releasing license: Synthesis
21 Infos, 117 Warnings, 0 Critical Warnings and 0 Errors encountered.
synth_design completed successfully
synth_design: Time (s): cpu = 00:00:36 ; elapsed = 00:00:42 . Memory (MB): peak = 1716.805 ; gain = 1205.051
INFO: [Common 17-1381] The checkpoint 'C:/Users/dlnmt/man_bram/man_bram.runs/design_1_RAM64_0_0_synth_1/design_1_RAM64_0_0.dcp' has been generated.
INFO: [Vivado 12-24828] Executing command : report_utilization -file design_1_RAM64_0_0_utilization_synth.rpt -pb design_1_RAM64_0_0_utilization_synth.pb
INFO: [Common 17-206] Exiting Vivado at Mon Feb 16 15:28:38 2026...
