#-----------------------------------------------------------
# xsim v2025.2 (64-bit)
# SW Build 6299465 on Fri Nov 14 19:35:11 GMT 2025
# IP Build 6300035 on Fri Nov 14 10:48:45 MST 2025
# SharedData Build 6298862 on Thu Nov 13 04:50:51 MST 2025
# Start of session at: Mon Apr  6 22:10:42 2026
# Process ID         : 22128
# Current directory  : C:/Repos/hardware-fft-acceleration
# Command line       : xsim.exe -mode tcl -source {xsim.dir/ram64_dummyfft_ram128_tb_snap/xsim_script.tcl}
# Log file           : C:/Repos/hardware-fft-acceleration/xsim.log
# Journal file       : C:/Repos/hardware-fft-acceleration\xsim.jou
# Running On         : DylanPC
# Platform           : Windows Server 2016 or Windows 10
# Operating System   : 26200
# Processor Detail   : AMD Ryzen 7 7800X3D 8-Core Processor           
# CPU Frequency      : 4192 MHz
# CPU Physical cores : 8
# CPU Logical cores  : 16
# Host memory        : 33408 MB
# Swap memory        : 5368 MB
# Total Virtual      : 38776 MB
# Available Virtual  : 12955 MB
#-----------------------------------------------------------
source xsim.dir/ram64_dummyfft_ram128_tb_snap/xsim_script.tcl
# xsim {ram64_dummyfft_ram128_tb_snap} -autoloadwcfg -runall
Time resolution is 1 ps
run -all
PASS: RAM64 -> DummyFFT -> RAM128 chain verified for DEPTH=32
$finish called at time : 2 us : File "C:/Repos/hardware-fft-acceleration/man_bram.srcs/sim_1/new/ram64_dummyfft_ram128_tb.v" Line 241
exit
INFO: [Common 17-206] Exiting xsim at Mon Apr  6 22:10:44 2026...
